<?xml version="1.0" encoding="UTF-8"?>
<testng-results skipped="0" failed="0" ignored="0" total="1" passed="1">
  <reporter-output>
  </reporter-output>
  <suite name="Suite" duration-ms="61793" started-at="2021-09-30T06:58:35Z" finished-at="2021-09-30T06:59:37Z">
    <groups>
    </groups>
    <test name="Test" duration-ms="61793" started-at="2021-09-30T06:58:35Z" finished-at="2021-09-30T06:59:37Z">
      <class name="com.testCase.LoginTestCase">
        <test-method status="PASS" signature="stratUp()[pri:0, instance:com.testCase.LoginTestCase@5d332969]" name="stratUp" is-config="true" duration-ms="47882" started-at="2021-09-30T06:58:35Z" finished-at="2021-09-30T06:59:23Z">
          <reporter-output>
          </reporter-output>
        </test-method> <!-- stratUp -->
        <test-method status="PASS" signature="login()[pri:0, instance:com.testCase.LoginTestCase@5d332969]" name="login" duration-ms="8437" started-at="2021-09-30T06:59:24Z" finished-at="2021-09-30T06:59:32Z">
          <reporter-output>
          </reporter-output>
        </test-method> <!-- login -->
        <test-method status="PASS" signature="close()[pri:0, instance:com.testCase.LoginTestCase@5d332969]" name="close" is-config="true" duration-ms="3614" started-at="2021-09-30T06:59:33Z" finished-at="2021-09-30T06:59:37Z">
          <reporter-output>
          </reporter-output>
        </test-method> <!-- close -->
      </class> <!-- com.testCase.LoginTestCase -->
    </test> <!-- Test -->
  </suite> <!-- Suite -->
</testng-results>
